Iteration 0, Error: 1.000000e+00
Iteration 100, Error: 2.451506e-03
Iteration 200, Error: 1.233889e-03
Iteration 300, Error: 8.305474e-04
Iteration 400, Error: 6.291974e-04
Iteration 500, Error: 5.080760e-04
Iteration 600, Error: 4.282823e-04
Iteration 700, Error: 3.724847e-04
Iteration 800, Error: 3.308205e-04
Iteration 900, Error: 2.981428e-04
Iteration 1000, Error: 2.718347e-04
Iteration 1100, Error: 2.501851e-04
Iteration 1200, Error: 2.320386e-04
Iteration 1300, Error: 2.165880e-04
Iteration 1400, Error: 2.032540e-04
Iteration 1500, Error: 1.916111e-04
Iteration 1600, Error: 1.813401e-04
Iteration 1700, Error: 1.721974e-04
Iteration 1800, Error: 1.639936e-04
Iteration 1900, Error: 1.566100e-04
Iteration 2000, Error: 1.499338e-04
Iteration 2100, Error: 1.438271e-04
Iteration 2200, Error: 1.382110e-04
Iteration 2300, Error: 1.330211e-04
Iteration 2400, Error: 1.282615e-04
Iteration 2500, Error: 1.238312e-04
Iteration 2600, Error: 1.196856e-04
Iteration 2700, Error: 1.158192e-04
Iteration 2800, Error: 1.122100e-04
Iteration 2900, Error: 1.087985e-04
Iteration 3000, Error: 1.055918e-04
Iteration 3100, Error: 1.025727e-04
Iteration 3200, Error: 9.969547e-05
Iteration 3300, Error: 9.699013e-05
Iteration 3400, Error: 9.440844e-05
Iteration 3500, Error: 9.195033e-05
Iteration 3600, Error: 8.961633e-05
Iteration 3700, Error: 8.737240e-05
Iteration 3800, Error: 8.524769e-05
Iteration 3900, Error: 8.319276e-05
Iteration 4000, Error: 8.124402e-05
Iteration 4100, Error: 7.935503e-05
Iteration 4200, Error: 7.755701e-05
Iteration 4300, Error: 7.581102e-05
Iteration 4400, Error: 7.414650e-05
Iteration 4500, Error: 7.252573e-05
Iteration 4600, Error: 7.097882e-05
Iteration 4700, Error: 6.947228e-05
Iteration 4800, Error: 6.802562e-05
Iteration 4900, Error: 6.662137e-05
Iteration 5000, Error: 6.526285e-05
Iteration 5100, Error: 6.395060e-05
Iteration 5200, Error: 6.266997e-05
Iteration 5300, Error: 6.144083e-05
Iteration 5400, Error: 6.023983e-05
Iteration 5500, Error: 5.907560e-05
Iteration 5600, Error: 5.794737e-05
Iteration 5700, Error: 5.684421e-05
Iteration 5800, Error: 5.577881e-05
Iteration 5900, Error: 5.473974e-05
Iteration 6000, Error: 5.372307e-05
Iteration 6100, Error: 5.274220e-05
Iteration 6200, Error: 5.178229e-05
Iteration 6300, Error: 5.084249e-05
Iteration 6400, Error: 4.993443e-05
Iteration 6500, Error: 4.904516e-05
Iteration 6600, Error: 4.817399e-05
Iteration 6700, Error: 4.732908e-05
Iteration 6800, Error: 4.650313e-05
Iteration 6900, Error: 4.569352e-05
Iteration 7000, Error: 4.490377e-05
Iteration 7100, Error: 4.413481e-05
Iteration 7200, Error: 4.354769e-05
Iteration 7300, Error: 4.320180e-05
Iteration 7400, Error: 4.285863e-05
Iteration 7500, Error: 4.251818e-05
Iteration 7600, Error: 4.218040e-05
Iteration 7700, Error: 4.184530e-05
Iteration 7800, Error: 4.151283e-05
Iteration 7900, Error: 4.118299e-05
Iteration 8000, Error: 4.085574e-05
Iteration 8100, Error: 4.053107e-05
Iteration 8200, Error: 4.020895e-05
Iteration 8300, Error: 3.988937e-05
Iteration 8400, Error: 3.957230e-05
Iteration 8500, Error: 3.925771e-05
Iteration 8600, Error: 3.894560e-05
Iteration 8700, Error: 3.863593e-05
Iteration 8800, Error: 3.832869e-05
Iteration 8900, Error: 3.802385e-05
Iteration 9000, Error: 3.772140e-05
Iteration 9100, Error: 3.742131e-05
Iteration 9200, Error: 3.712356e-05
Iteration 9300, Error: 3.682814e-05
Iteration 9400, Error: 3.653502e-05
Iteration 9500, Error: 3.624418e-05
Iteration 9600, Error: 3.595560e-05
Iteration 9700, Error: 3.566927e-05
Iteration 9800, Error: 3.538516e-05
Iteration 9900, Error: 3.510325e-05
Iteration 10000, Error: 3.482353e-05
Iteration 10100, Error: 3.454598e-05
Iteration 10200, Error: 3.427058e-05
Iteration 10300, Error: 3.399730e-05
Iteration 10400, Error: 3.372614e-05
Iteration 10500, Error: 3.345707e-05
Iteration 10600, Error: 3.319008e-05
Iteration 10700, Error: 3.292515e-05
Iteration 10800, Error: 3.266226e-05
Iteration 10900, Error: 3.240140e-05
Iteration 11000, Error: 3.214254e-05
Iteration 11100, Error: 3.188568e-05
Iteration 11200, Error: 3.163079e-05
Iteration 11300, Error: 3.137786e-05
Iteration 11400, Error: 3.112688e-05
Iteration 11500, Error: 3.087782e-05
Iteration 11600, Error: 3.063068e-05
Iteration 11700, Error: 3.038543e-05
Iteration 11800, Error: 3.014206e-05
Iteration 11900, Error: 2.990056e-05
Iteration 12000, Error: 2.966091e-05
Iteration 12100, Error: 2.942310e-05
Iteration 12200, Error: 2.918712e-05
Iteration 12300, Error: 2.895294e-05
Iteration 12400, Error: 2.872056e-05
Iteration 12500, Error: 2.848995e-05
Iteration 12600, Error: 2.826112e-05
Iteration 12700, Error: 2.803404e-05
Iteration 12800, Error: 2.780871e-05
Iteration 12900, Error: 2.758510e-05
Iteration 13000, Error: 2.736320e-05
Iteration 13100, Error: 2.714301e-05
Iteration 13200, Error: 2.692451e-05
Iteration 13300, Error: 2.670769e-05
Iteration 13400, Error: 2.649253e-05
Iteration 13500, Error: 2.627902e-05
Iteration 13600, Error: 2.606715e-05
Iteration 13700, Error: 2.585692e-05
Iteration 13800, Error: 2.564830e-05
Iteration 13900, Error: 2.544128e-05
Iteration 14000, Error: 2.523586e-05
Iteration 14100, Error: 2.503202e-05
Iteration 14200, Error: 2.482976e-05
Iteration 14300, Error: 2.462905e-05
Iteration 14400, Error: 2.442989e-05
Iteration 14500, Error: 2.423228e-05
Iteration 14600, Error: 2.403619e-05
Iteration 14700, Error: 2.384161e-05
Iteration 14800, Error: 2.364854e-05
Iteration 14900, Error: 2.345697e-05
Iteration 15000, Error: 2.326688e-05
Iteration 15100, Error: 2.307827e-05
Iteration 15200, Error: 2.289112e-05
Iteration 15300, Error: 2.270543e-05
Iteration 15400, Error: 2.252118e-05
Iteration 15500, Error: 2.233837e-05
Iteration 15600, Error: 2.215698e-05
Iteration 15700, Error: 2.197701e-05
Iteration 15800, Error: 2.179844e-05
Iteration 15900, Error: 2.162126e-05
Iteration 16000, Error: 2.144548e-05
Iteration 16100, Error: 2.127107e-05
Iteration 16200, Error: 2.109802e-05
Iteration 16300, Error: 2.092634e-05
Iteration 16400, Error: 2.075600e-05
Iteration 16500, Error: 2.058701e-05
Iteration 16600, Error: 2.041934e-05
Iteration 16700, Error: 2.025299e-05
Iteration 16800, Error: 2.008796e-05
Iteration 16900, Error: 1.992423e-05
Iteration 17000, Error: 1.976179e-05
Iteration 17100, Error: 1.960064e-05
Iteration 17200, Error: 1.944076e-05
Iteration 17300, Error: 1.928215e-05
Iteration 17400, Error: 1.912480e-05
Iteration 17500, Error: 1.896871e-05
Iteration 17600, Error: 1.881385e-05
Iteration 17700, Error: 1.866022e-05
Iteration 17800, Error: 1.850783e-05
Iteration 17900, Error: 1.835664e-05
Iteration 18000, Error: 1.820667e-05
Iteration 18100, Error: 1.805789e-05
Iteration 18200, Error: 1.791030e-05
Iteration 18300, Error: 1.776390e-05
Iteration 18400, Error: 1.761867e-05
Iteration 18500, Error: 1.747461e-05
Iteration 18600, Error: 1.733171e-05
Iteration 18700, Error: 1.718995e-05
Iteration 18800, Error: 1.704934e-05
Iteration 18900, Error: 1.690986e-05
Iteration 19000, Error: 1.677151e-05
Iteration 19100, Error: 1.663428e-05
Iteration 19200, Error: 1.649816e-05
Iteration 19300, Error: 1.636313e-05
Iteration 19400, Error: 1.622921e-05
Iteration 19500, Error: 1.609637e-05
Iteration 19600, Error: 1.596460e-05
Iteration 19700, Error: 1.583391e-05
Iteration 19800, Error: 1.570428e-05
Iteration 19900, Error: 1.557571e-05
Iteration 20000, Error: 1.544819e-05
Iteration 20100, Error: 1.532171e-05
Iteration 20200, Error: 1.519626e-05
Iteration 20300, Error: 1.507183e-05
Iteration 20400, Error: 1.494843e-05
Iteration 20500, Error: 1.482603e-05
Iteration 20600, Error: 1.470464e-05
Iteration 20700, Error: 1.458424e-05
Iteration 20800, Error: 1.446484e-05
Iteration 20900, Error: 1.434641e-05
Iteration 21000, Error: 1.422896e-05
Iteration 21100, Error: 1.411247e-05
Iteration 21200, Error: 1.399695e-05
Iteration 21300, Error: 1.388237e-05
Iteration 21400, Error: 1.376875e-05
Iteration 21500, Error: 1.365606e-05
Iteration 21600, Error: 1.354430e-05
Iteration 21700, Error: 1.343347e-05
Iteration 21800, Error: 1.332355e-05
Iteration 21900, Error: 1.321455e-05
Iteration 22000, Error: 1.310645e-05
Iteration 22100, Error: 1.299924e-05
Iteration 22200, Error: 1.289293e-05
Iteration 22300, Error: 1.278750e-05
Iteration 22400, Error: 1.268294e-05
Iteration 22500, Error: 1.257926e-05
Iteration 22600, Error: 1.247644e-05
Iteration 22700, Error: 1.237447e-05
Iteration 22800, Error: 1.227336e-05
Iteration 22900, Error: 1.217309e-05
Iteration 23000, Error: 1.207365e-05
Iteration 23100, Error: 1.197505e-05
Iteration 23200, Error: 1.187727e-05
Iteration 23300, Error: 1.178031e-05
Iteration 23400, Error: 1.168416e-05
Iteration 23500, Error: 1.158881e-05
Iteration 23600, Error: 1.149426e-05
Iteration 23700, Error: 1.140051e-05
Iteration 23800, Error: 1.130754e-05
Iteration 23900, Error: 1.121535e-05
Iteration 24000, Error: 1.112393e-05
Iteration 24100, Error: 1.103328e-05
Iteration 24200, Error: 1.094340e-05
Iteration 24300, Error: 1.085426e-05
Iteration 24400, Error: 1.076588e-05
Iteration 24500, Error: 1.067824e-05
Iteration 24600, Error: 1.059134e-05
Iteration 24700, Error: 1.050517e-05
Iteration 24800, Error: 1.041973e-05
Iteration 24900, Error: 1.033500e-05
Iteration 25000, Error: 1.025099e-05
Iteration 25100, Error: 1.016769e-05
Iteration 25200, Error: 1.008509e-05
Iteration 25300, Error: 1.000319e-05
Iteration 25400, Error: 9.921980e-06
Iteration 25500, Error: 9.841455e-06
Iteration 25600, Error: 9.761610e-06
Iteration 25700, Error: 9.682439e-06
Iteration 25800, Error: 9.603938e-06
Iteration 25900, Error: 9.526100e-06
Iteration 26000, Error: 9.448920e-06
Iteration 26100, Error: 9.372393e-06
Iteration 26200, Error: 9.296513e-06
Iteration 26300, Error: 9.221275e-06
Iteration 26400, Error: 9.146675e-06
Iteration 26500, Error: 9.072705e-06
Iteration 26600, Error: 8.999362e-06
Iteration 26700, Error: 8.926640e-06
Iteration 26800, Error: 8.854534e-06
Iteration 26900, Error: 8.783039e-06
Iteration 27000, Error: 8.712149e-06
Iteration 27100, Error: 8.641861e-06
Iteration 27200, Error: 8.572168e-06
Iteration 27300, Error: 8.503066e-06
Iteration 27400, Error: 8.434549e-06
Iteration 27500, Error: 8.366614e-06
Iteration 27600, Error: 8.299254e-06
Iteration 27700, Error: 8.232466e-06
Iteration 27800, Error: 8.166244e-06
Iteration 27900, Error: 8.100584e-06
Iteration 28000, Error: 8.035481e-06
Iteration 28100, Error: 7.970930e-06
Iteration 28200, Error: 7.906927e-06
Iteration 28300, Error: 7.843466e-06
Iteration 28400, Error: 7.780544e-06
Iteration 28500, Error: 7.718156e-06
Iteration 28600, Error: 7.656297e-06
Iteration 28700, Error: 7.594963e-06
Iteration 28800, Error: 7.534149e-06
Iteration 28900, Error: 7.473851e-06
Iteration 29000, Error: 7.414065e-06
Iteration 29100, Error: 7.354786e-06
Iteration 29200, Error: 7.296009e-06
Iteration 29300, Error: 7.237732e-06
Iteration 29400, Error: 7.179948e-06
Iteration 29500, Error: 7.122655e-06
Iteration 29600, Error: 7.065847e-06
Iteration 29700, Error: 7.009521e-06
Iteration 29800, Error: 6.953673e-06
Iteration 29900, Error: 6.898298e-06
Iteration 30000, Error: 6.843393e-06
Iteration 30100, Error: 6.788953e-06
Iteration 30200, Error: 6.734974e-06
Iteration 30300, Error: 6.681453e-06
Iteration 30400, Error: 6.628386e-06
Iteration 30500, Error: 6.575768e-06
Iteration 30600, Error: 6.523595e-06
Iteration 30700, Error: 6.471865e-06
Iteration 30800, Error: 6.420572e-06
Iteration 30900, Error: 6.369714e-06
Iteration 31000, Error: 6.319286e-06
Iteration 31100, Error: 6.269285e-06
Iteration 31200, Error: 6.219707e-06
Iteration 31300, Error: 6.170549e-06
Iteration 31400, Error: 6.121806e-06
Iteration 31500, Error: 6.073475e-06
Iteration 31600, Error: 6.025553e-06
Iteration 31700, Error: 5.978037e-06
Iteration 31800, Error: 5.930921e-06
Iteration 31900, Error: 5.884204e-06
Iteration 32000, Error: 5.837881e-06
Iteration 32100, Error: 5.791949e-06
Iteration 32200, Error: 5.746405e-06
Iteration 32300, Error: 5.701246e-06
Iteration 32400, Error: 5.656467e-06
Iteration 32500, Error: 5.612066e-06
Iteration 32600, Error: 5.568039e-06
Iteration 32700, Error: 5.524384e-06
Iteration 32800, Error: 5.481097e-06
Iteration 32900, Error: 5.438174e-06
Iteration 33000, Error: 5.395612e-06
Iteration 33100, Error: 5.353409e-06
Iteration 33200, Error: 5.311561e-06
Iteration 33300, Error: 5.270066e-06
Iteration 33400, Error: 5.228919e-06
Iteration 33500, Error: 5.188118e-06
Iteration 33600, Error: 5.147660e-06
Iteration 33700, Error: 5.107542e-06
Iteration 33800, Error: 5.067761e-06
Iteration 33900, Error: 5.028314e-06
Iteration 34000, Error: 4.989198e-06
Iteration 34100, Error: 4.950410e-06
Iteration 34200, Error: 4.911948e-06
Iteration 34300, Error: 4.873807e-06
Iteration 34400, Error: 4.835987e-06
Iteration 34500, Error: 4.798483e-06
Iteration 34600, Error: 4.761294e-06
Iteration 34700, Error: 4.724415e-06
Iteration 34800, Error: 4.687845e-06
Iteration 34900, Error: 4.651581e-06
Iteration 35000, Error: 4.615620e-06
Iteration 35100, Error: 4.579960e-06
Iteration 35200, Error: 4.544597e-06
Iteration 35300, Error: 4.509530e-06
Iteration 35400, Error: 4.474755e-06
Iteration 35500, Error: 4.440271e-06
Iteration 35600, Error: 4.406074e-06
Iteration 35700, Error: 4.372162e-06
Iteration 35800, Error: 4.338532e-06
Iteration 35900, Error: 4.305182e-06
Iteration 36000, Error: 4.272110e-06
Iteration 36100, Error: 4.239313e-06
Iteration 36200, Error: 4.206789e-06
Iteration 36300, Error: 4.174535e-06
Iteration 36400, Error: 4.142549e-06
Iteration 36500, Error: 4.110828e-06
Iteration 36600, Error: 4.079371e-06
Iteration 36700, Error: 4.048175e-06
Iteration 36800, Error: 4.017237e-06
Iteration 36900, Error: 3.986556e-06
Iteration 37000, Error: 3.956128e-06
Iteration 37100, Error: 3.925953e-06
Iteration 37200, Error: 3.896027e-06
Iteration 37300, Error: 3.866349e-06
Iteration 37400, Error: 3.836916e-06
Iteration 37500, Error: 3.807726e-06
Iteration 37600, Error: 3.778777e-06
Iteration 37700, Error: 3.750067e-06
Iteration 37800, Error: 3.721593e-06
Iteration 37900, Error: 3.693355e-06
Iteration 38000, Error: 3.665349e-06
Iteration 38100, Error: 3.637574e-06
Iteration 38200, Error: 3.610027e-06
Iteration 38300, Error: 3.582707e-06
Iteration 38400, Error: 3.555611e-06
Iteration 38500, Error: 3.528738e-06
Iteration 38600, Error: 3.502086e-06
Iteration 38700, Error: 3.475652e-06
Iteration 38800, Error: 3.449436e-06
Iteration 38900, Error: 3.423434e-06
Iteration 39000, Error: 3.397645e-06
Iteration 39100, Error: 3.372067e-06
Iteration 39200, Error: 3.346699e-06
Iteration 39300, Error: 3.321538e-06
Iteration 39400, Error: 3.296583e-06
Iteration 39500, Error: 3.271831e-06
Iteration 39600, Error: 3.247282e-06
Iteration 39700, Error: 3.222933e-06
Iteration 39800, Error: 3.198783e-06
Iteration 39900, Error: 3.174829e-06
Iteration 40000, Error: 3.151071e-06
Iteration 40100, Error: 3.127505e-06
Iteration 40200, Error: 3.104132e-06
Iteration 40300, Error: 3.080949e-06
Iteration 40400, Error: 3.057954e-06
Iteration 40500, Error: 3.035145e-06
Iteration 40600, Error: 3.012522e-06
Iteration 40700, Error: 2.990082e-06
Iteration 40800, Error: 2.967825e-06
Iteration 40900, Error: 2.945747e-06
Iteration 41000, Error: 2.923848e-06
Iteration 41100, Error: 2.902126e-06
Iteration 41200, Error: 2.880580e-06
Iteration 41300, Error: 2.859208e-06
Iteration 41400, Error: 2.838009e-06
Iteration 41500, Error: 2.816981e-06
Iteration 41600, Error: 2.796122e-06
Iteration 41700, Error: 2.775431e-06
Iteration 41800, Error: 2.754907e-06
Iteration 41900, Error: 2.734549e-06
Iteration 42000, Error: 2.714354e-06
Iteration 42100, Error: 2.694321e-06
Iteration 42200, Error: 2.674449e-06
Iteration 42300, Error: 2.654737e-06
Iteration 42400, Error: 2.635183e-06
Iteration 42500, Error: 2.615786e-06
Iteration 42600, Error: 2.596544e-06
Iteration 42700, Error: 2.577456e-06
Iteration 42800, Error: 2.558521e-06
Iteration 42900, Error: 2.539738e-06
Iteration 43000, Error: 2.521104e-06
Iteration 43100, Error: 2.502620e-06
Iteration 43200, Error: 2.484283e-06
Iteration 43300, Error: 2.466092e-06
Iteration 43400, Error: 2.448046e-06
Iteration 43500, Error: 2.430144e-06
Iteration 43600, Error: 2.412384e-06
Iteration 43700, Error: 2.394766e-06
Iteration 43800, Error: 2.377288e-06
Iteration 43900, Error: 2.359948e-06
Iteration 44000, Error: 2.342747e-06
Iteration 44100, Error: 2.325681e-06
Iteration 44200, Error: 2.308751e-06
Iteration 44300, Error: 2.291955e-06
Iteration 44400, Error: 2.275292e-06
Iteration 44500, Error: 2.258761e-06
Iteration 44600, Error: 2.242361e-06
Iteration 44700, Error: 2.226090e-06
Iteration 44800, Error: 2.209948e-06
Iteration 44900, Error: 2.193933e-06
Iteration 45000, Error: 2.178044e-06
Iteration 45100, Error: 2.162281e-06
Iteration 45200, Error: 2.146642e-06
Iteration 45300, Error: 2.131125e-06
Iteration 45400, Error: 2.115731e-06
Iteration 45500, Error: 2.100458e-06
Iteration 45600, Error: 2.085304e-06
Iteration 45700, Error: 2.070270e-06
Iteration 45800, Error: 2.055353e-06
Iteration 45900, Error: 2.040554e-06
Iteration 46000, Error: 2.025870e-06
Iteration 46100, Error: 2.011301e-06

Results:
Total iterations: 46180
Total time: 1032.181 seconds
Final error: 2.00e-06

All Steps completed.
